2024-08-03 07:34:08.816 [background-preinit] INFO  o.h.validator.internal.util.Version - HV000001: Hibernate Validator 8.0.1.Final
2024-08-03 07:34:08.881 [main] INFO  c.s.v.ValidExceptionApplication - Starting ValidExceptionApplication using Java 17.0.9 with PID 11772 (C:\Users\Royse\OneDrive\바탕 화면\valid_exception\build\classes\java\main started by Royse in C:\Users\Royse\OneDrive\바탕 화면\valid_exception)
2024-08-03 07:34:08.882 [main] INFO  c.s.v.ValidExceptionApplication - No active profile set, falling back to 1 default profile: "default"
2024-08-03 07:34:10.280 [main] INFO  o.s.d.r.c.RepositoryConfigurationDelegate - Bootstrapping Spring Data JPA repositories in DEFAULT mode.
2024-08-03 07:34:10.413 [main] INFO  o.s.d.r.c.RepositoryConfigurationDelegate - Finished Spring Data repository scanning in 121 ms. Found 1 JPA repository interface.
2024-08-03 07:34:11.428 [main] INFO  o.s.b.w.e.tomcat.TomcatWebServer - Tomcat initialized with port 8080 (http)
2024-08-03 07:34:11.444 [main] INFO  o.a.coyote.http11.Http11NioProtocol - Initializing ProtocolHandler ["http-nio-8080"]
2024-08-03 07:34:11.447 [main] INFO  o.a.catalina.core.StandardService - Starting service [Tomcat]
2024-08-03 07:34:11.447 [main] INFO  o.a.catalina.core.StandardEngine - Starting Servlet engine: [Apache Tomcat/10.1.26]
2024-08-03 07:34:11.559 [main] INFO  o.a.c.c.C.[Tomcat].[localhost].[/] - Initializing Spring embedded WebApplicationContext
2024-08-03 07:34:11.560 [main] INFO  o.s.b.w.s.c.ServletWebServerApplicationContext - Root WebApplicationContext: initialization completed in 2627 ms
2024-08-03 07:34:11.848 [main] INFO  o.h.jpa.internal.util.LogHelper - HHH000204: Processing PersistenceUnitInfo [name: default]
2024-08-03 07:34:11.952 [main] INFO  org.hibernate.Version - HHH000412: Hibernate ORM core version 6.5.2.Final
2024-08-03 07:34:12.026 [main] INFO  o.h.c.i.RegionFactoryInitiator - HHH000026: Second-level cache disabled
2024-08-03 07:34:12.656 [main] INFO  o.s.o.j.p.SpringPersistenceUnitInfo - No LoadTimeWeaver setup: ignoring JPA class transformer
2024-08-03 07:34:12.744 [main] INFO  com.zaxxer.hikari.HikariDataSource - HikariPool-1 - Starting...
2024-08-03 07:34:12.961 [main] INFO  com.zaxxer.hikari.pool.HikariPool - HikariPool-1 - Added connection org.mariadb.jdbc.Connection@7f2ca6f8
2024-08-03 07:34:12.965 [main] INFO  com.zaxxer.hikari.HikariDataSource - HikariPool-1 - Start completed.
2024-08-03 07:34:14.662 [main] INFO  o.h.e.t.j.p.i.JtaPlatformInitiator - HHH000489: No JTA platform available (set 'hibernate.transaction.jta.platform' to enable JTA platform integration)
2024-08-03 07:34:14.733 [main] INFO  o.s.o.j.LocalContainerEntityManagerFactoryBean - Initialized JPA EntityManagerFactory for persistence unit 'default'
2024-08-03 07:34:15.483 [main] WARN  o.s.b.a.o.j.JpaBaseConfiguration$JpaWebConfiguration - spring.jpa.open-in-view is enabled by default. Therefore, database queries may be performed during view rendering. Explicitly configure spring.jpa.open-in-view to disable this warning
2024-08-03 07:34:17.039 [main] INFO  o.a.coyote.http11.Http11NioProtocol - Starting ProtocolHandler ["http-nio-8080"]
2024-08-03 07:34:17.081 [main] INFO  o.s.b.w.e.tomcat.TomcatWebServer - Tomcat started on port 8080 (http) with context path '/'
2024-08-03 07:34:17.100 [main] INFO  c.s.v.ValidExceptionApplication - Started ValidExceptionApplication in 8.998 seconds (process running for 10.004)
2024-08-03 07:34:37.111 [http-nio-8080-exec-3] INFO  o.a.c.c.C.[Tomcat].[localhost].[/] - Initializing Spring DispatcherServlet 'dispatcherServlet'
2024-08-03 07:34:37.112 [http-nio-8080-exec-3] INFO  o.s.web.servlet.DispatcherServlet - Initializing Servlet 'dispatcherServlet'
2024-08-03 07:34:37.116 [http-nio-8080-exec-3] INFO  o.s.web.servlet.DispatcherServlet - Completed initialization in 2 ms
2024-08-03 07:34:38.665 [http-nio-8080-exec-5] INFO  o.s.api.AbstractOpenApiResource - Init duration for springdoc-openapi is: 853 ms
2024-08-03 07:35:49.145 [http-nio-8080-exec-9] INFO  c.s.v.d.c.ValidationController - ValidatedRequestDto(name=Flature, email=flature@wikibooks.co.kr, phoneNumber=010-1234-5678, age=30, description=Validation 실습 데이터입니다., count=1, booleanCheck=true)
2024-08-03 07:43:32.655 [http-nio-8080-exec-2] WARN  o.s.w.s.m.s.DefaultHandlerExceptionResolver - Resolved [org.springframework.web.bind.MethodArgumentNotValidException: Validation failed for argument [0] in public org.springframework.http.ResponseEntity<java.lang.String> com.springboot.valid_exception.data.controller.ValidationController.checkValidationByValid(com.springboot.valid_exception.data.dto.ValidatedRequestDto): [Field error in object 'validatedRequestDto' on field 'age': rejected value [-1]; codes [Min.validatedRequestDto.age,Min.age,Min.int,Min]; arguments [org.springframework.context.support.DefaultMessageSourceResolvable: codes [validatedRequestDto.age,age]; arguments []; default message [age],20]; default message [20 이상이어야 합니다]] ]
2024-08-03 07:46:16.659 [http-nio-8080-exec-1] WARN  o.s.w.s.m.s.DefaultHandlerExceptionResolver - Resolved [org.springframework.web.bind.MethodArgumentNotValidException: Validation failed for argument [0] in public org.springframework.http.ResponseEntity<java.lang.String> com.springboot.valid_exception.data.controller.ValidationController.checkValidationByValid(com.springboot.valid_exception.data.dto.ValidatedRequestDto) with 2 errors: [Field error in object 'validatedRequestDto' on field 'age': rejected value [-1]; codes [Min.validatedRequestDto.age,Min.age,Min.int,Min]; arguments [org.springframework.context.support.DefaultMessageSourceResolvable: codes [validatedRequestDto.age,age]; arguments []; default message [age],20]; default message [20 이상이어야 합니다]] [Field error in object 'validatedRequestDto' on field 'count': rejected value [-1]; codes [Positive.validatedRequestDto.count,Positive.count,Positive.int,Positive]; arguments [org.springframework.context.support.DefaultMessageSourceResolvable: codes [validatedRequestDto.count,count]; arguments []; default message [count]]; default message [0보다 커야 합니다]] ]
2024-08-03 08:14:40.049 [http-nio-8080-exec-3] WARN  o.s.w.s.m.s.DefaultHandlerExceptionResolver - Resolved [org.springframework.web.bind.MethodArgumentNotValidException: Validation failed for argument [0] in public org.springframework.http.ResponseEntity<java.lang.String> com.springboot.valid_exception.data.controller.ValidationController.checkValidation(com.springboot.valid_exception.data.dto.ValidatedRequestDto) with 2 errors: [Field error in object 'validatedRequestDto' on field 'count': rejected value [-1]; codes [Positive.validatedRequestDto.count,Positive.count,Positive.int,Positive]; arguments [org.springframework.context.support.DefaultMessageSourceResolvable: codes [validatedRequestDto.count,count]; arguments []; default message [count]]; default message [0보다 커야 합니다]] [Field error in object 'validatedRequestDto' on field 'age': rejected value [-1]; codes [Min.validatedRequestDto.age,Min.age,Min.int,Min]; arguments [org.springframework.context.support.DefaultMessageSourceResolvable: codes [validatedRequestDto.age,age]; arguments []; default message [age],20]; default message [20 이상이어야 합니다]] ]
2024-08-03 08:17:08.115 [http-nio-8080-exec-4] INFO  c.s.v.d.c.ValidationController - ValidatedRequestDto(name=Flature, email=flature@wikibooks.co.kr, phoneNumber=010-1234-5678, age=-1, description=Validation 실습 데이터입니다., count=-1, booleanCheck=true)
2024-08-03 08:20:12.996 [http-nio-8080-exec-7] INFO  c.s.v.d.c.ValidationController - ValidatedRequestDto(name=Flature, email=flature@wikibooks.co.kr, phoneNumber=010-1234-5678, age=-1, description=Validation 실습 데이터입니다., count=-1, booleanCheck=true)
2024-08-03 08:21:32.520 [http-nio-8080-exec-6] INFO  c.s.v.d.c.ValidationController - ValidatedRequestDto(name=Flature, email=flature@wikibooks.co.kr, phoneNumber=010-1234-5678, age=-1, description=Validation 실습 데이터입니다., count=-1, booleanCheck=true)
2024-08-03 08:22:29.413 [http-nio-8080-exec-9] INFO  c.s.v.d.c.ValidationController - ValidatedRequestDto(name=Flature, email=flature@wikibooks.co.kr, phoneNumber=010-1234-5678, age=-1, description=Validation 실습 데이터입니다., count=-1, booleanCheck=true)
2024-08-03 08:23:36.175 [http-nio-8080-exec-2] INFO  c.s.v.d.c.ValidationController - ValidatedRequestDto(name=Flature, email=flature@wikibooks.co.kr, phoneNumber=010-1234-5678, age=-1, description=Validation 실습 데이터입니다., count=-1, booleanCheck=true)
2024-08-03 08:29:43.867 [http-nio-8080-exec-3] INFO  c.s.v.d.c.ValidationController - ValidatedRequestDto(name=Flature, email=flature@wikibooks.co.kr, phoneNumber=010-1234-5678, age=30, description=Validation 실습 데이터입니다., count=30, booleanCheck=false)
2024-08-03 08:49:49.554 [http-nio-8080-exec-5] WARN  o.s.w.s.m.s.DefaultHandlerExceptionResolver - Resolved [org.springframework.web.bind.MethodArgumentNotValidException: Validation failed for argument [0] in public org.springframework.http.ResponseEntity<java.lang.String> com.springboot.valid_exception.data.controller.ValidationController.checkValidation(com.springboot.valid_exception.data.dto.ValidatedRequestDto): [Field error in object 'validatedRequestDto' on field 'booleanCheck': rejected value [false]; codes [AssertTrue.validatedRequestDto.booleanCheck,AssertTrue.booleanCheck,AssertTrue.boolean,AssertTrue]; arguments [org.springframework.context.support.DefaultMessageSourceResolvable: codes [validatedRequestDto.booleanCheck,booleanCheck]; arguments []; default message [booleanCheck]]; default message [true여야 합니다]] ]
2024-08-03 08:50:47.768 [http-nio-8080-exec-7] WARN  o.s.w.s.m.s.DefaultHandlerExceptionResolver - Resolved [org.springframework.web.bind.MethodArgumentNotValidException: Validation failed for argument [0] in public org.springframework.http.ResponseEntity<java.lang.String> com.springboot.valid_exception.data.controller.ValidationController.checkValidation(com.springboot.valid_exception.data.dto.ValidatedRequestDto) with 2 errors: [Field error in object 'validatedRequestDto' on field 'phoneNumber': rejected value [12345678]; codes [Telephone.validatedRequestDto.phoneNumber,Telephone.phoneNumber,Telephone.java.lang.String,Telephone]; arguments [org.springframework.context.support.DefaultMessageSourceResolvable: codes [validatedRequestDto.phoneNumber,phoneNumber]; arguments []; default message [phoneNumber]]; default message [전화번호 형식이 일치하지 않습니다.]] [Field error in object 'validatedRequestDto' on field 'booleanCheck': rejected value [false]; codes [AssertTrue.validatedRequestDto.booleanCheck,AssertTrue.booleanCheck,AssertTrue.boolean,AssertTrue]; arguments [org.springframework.context.support.DefaultMessageSourceResolvable: codes [validatedRequestDto.booleanCheck,booleanCheck]; arguments []; default message [booleanCheck]]; default message [true여야 합니다]] ]
2024-08-03 15:57:01.639 [http-nio-8080-exec-8] ERROR c.s.v.d.c.ExceptionController - 클래스 내 handleException 호출, /exception, getRuntimeException 메서드 호출
2024-08-03 16:03:43.796 [http-nio-8080-exec-6] ERROR c.s.v.d.c.ExceptionController - 클래스 내 handleException 호출, /exception, getRuntimeException 메서드 호출
2024-08-03 16:52:49.302 [http-nio-8080-exec-9] ERROR c.s.v.c.e.CustomExceptionHandler - Advice 내 handleException 호출, /exception/custom,Product ExceptiongetCustomException 메서드 호출
2024-08-03 16:57:20.619 [SpringApplicationShutdownHook] INFO  o.s.o.j.LocalContainerEntityManagerFactoryBean - Closing JPA EntityManagerFactory for persistence unit 'default'
2024-08-03 16:57:20.622 [SpringApplicationShutdownHook] INFO  com.zaxxer.hikari.HikariDataSource - HikariPool-1 - Shutdown initiated...
2024-08-03 16:57:20.637 [SpringApplicationShutdownHook] INFO  com.zaxxer.hikari.HikariDataSource - HikariPool-1 - Shutdown completed.
